0 info it worked if it ends with ok
1 verbose cli [ '/Users/weima/.nvm/v0.10.25/bin/node',
1 verbose cli   '/Users/weima/.nvm/v0.10.25/bin/npm',
1 verbose cli   'publish' ]
2 info using npm@1.3.24
3 info using node@v0.10.25
4 verbose publish [ '.' ]
5 verbose cache add [ '.', null ]
6 verbose cache add name=undefined spec="." args=[".",null]
7 verbose parsed url { protocol: null,
7 verbose parsed url   slashes: null,
7 verbose parsed url   auth: null,
7 verbose parsed url   host: null,
7 verbose parsed url   port: null,
7 verbose parsed url   hostname: null,
7 verbose parsed url   hash: null,
7 verbose parsed url   search: null,
7 verbose parsed url   query: null,
7 verbose parsed url   pathname: '.',
7 verbose parsed url   path: '.',
7 verbose parsed url   href: '.' }
8 silly lockFile 3a52ce78- .
9 verbose lock . /Users/weima/.npm/3a52ce78-.lock
10 verbose tar pack [ '/var/folders/rc/gqkcrttd7x1_j6d50851tm2m38zvw3/T/npm-36101-6t4Gg53o/1390605733997-0.27266308292746544/tmp.tgz',
10 verbose tar pack   '.' ]
11 verbose tarball /var/folders/rc/gqkcrttd7x1_j6d50851tm2m38zvw3/T/npm-36101-6t4Gg53o/1390605733997-0.27266308292746544/tmp.tgz
12 verbose folder .
13 info prepublish hello@0.1.0-SNAPSHOT
14 silly lockFile 1f1177db-tar tar://.
15 verbose lock tar://. /Users/weima/.npm/1f1177db-tar.lock
16 silly lockFile 8d4bd9f9-3997-0-27266308292746544-tmp-tgz tar:///var/folders/rc/gqkcrttd7x1_j6d50851tm2m38zvw3/T/npm-36101-6t4Gg53o/1390605733997-0.27266308292746544/tmp.tgz
17 verbose lock tar:///var/folders/rc/gqkcrttd7x1_j6d50851tm2m38zvw3/T/npm-36101-6t4Gg53o/1390605733997-0.27266308292746544/tmp.tgz /Users/weima/.npm/8d4bd9f9-3997-0-27266308292746544-tmp-tgz.lock
18 silly lockFile 1f1177db-tar tar://.
19 silly lockFile 1f1177db-tar tar://.
20 silly lockFile 8d4bd9f9-3997-0-27266308292746544-tmp-tgz tar:///var/folders/rc/gqkcrttd7x1_j6d50851tm2m38zvw3/T/npm-36101-6t4Gg53o/1390605733997-0.27266308292746544/tmp.tgz
21 silly lockFile 8d4bd9f9-3997-0-27266308292746544-tmp-tgz tar:///var/folders/rc/gqkcrttd7x1_j6d50851tm2m38zvw3/T/npm-36101-6t4Gg53o/1390605733997-0.27266308292746544/tmp.tgz
22 verbose tar unpack /var/folders/rc/gqkcrttd7x1_j6d50851tm2m38zvw3/T/npm-36101-6t4Gg53o/1390605733997-0.27266308292746544/tmp.tgz
23 silly lockFile 4b44d803-3997-0-27266308292746544-package tar:///var/folders/rc/gqkcrttd7x1_j6d50851tm2m38zvw3/T/npm-36101-6t4Gg53o/1390605733997-0.27266308292746544/package
24 verbose lock tar:///var/folders/rc/gqkcrttd7x1_j6d50851tm2m38zvw3/T/npm-36101-6t4Gg53o/1390605733997-0.27266308292746544/package /Users/weima/.npm/4b44d803-3997-0-27266308292746544-package.lock
25 silly lockFile 8d4bd9f9-3997-0-27266308292746544-tmp-tgz tar:///var/folders/rc/gqkcrttd7x1_j6d50851tm2m38zvw3/T/npm-36101-6t4Gg53o/1390605733997-0.27266308292746544/tmp.tgz
26 verbose lock tar:///var/folders/rc/gqkcrttd7x1_j6d50851tm2m38zvw3/T/npm-36101-6t4Gg53o/1390605733997-0.27266308292746544/tmp.tgz /Users/weima/.npm/8d4bd9f9-3997-0-27266308292746544-tmp-tgz.lock
27 silly gunzTarPerm modes [ '755', '644' ]
28 silly gunzTarPerm extractEntry package.json
29 silly gunzTarPerm extractEntry README.md
30 silly gunzTarPerm extractEntry lib/index.js
31 silly gunzTarPerm extractEntry test/test1.txt
32 silly lockFile 4b44d803-3997-0-27266308292746544-package tar:///var/folders/rc/gqkcrttd7x1_j6d50851tm2m38zvw3/T/npm-36101-6t4Gg53o/1390605733997-0.27266308292746544/package
33 silly lockFile 4b44d803-3997-0-27266308292746544-package tar:///var/folders/rc/gqkcrttd7x1_j6d50851tm2m38zvw3/T/npm-36101-6t4Gg53o/1390605733997-0.27266308292746544/package
34 silly lockFile 8d4bd9f9-3997-0-27266308292746544-tmp-tgz tar:///var/folders/rc/gqkcrttd7x1_j6d50851tm2m38zvw3/T/npm-36101-6t4Gg53o/1390605733997-0.27266308292746544/tmp.tgz
35 silly lockFile 8d4bd9f9-3997-0-27266308292746544-tmp-tgz tar:///var/folders/rc/gqkcrttd7x1_j6d50851tm2m38zvw3/T/npm-36101-6t4Gg53o/1390605733997-0.27266308292746544/tmp.tgz
36 verbose tar pack [ '/Users/weima/.npm/hello/0.1.0-SNAPSHOT/package.tgz',
36 verbose tar pack   '/var/folders/rc/gqkcrttd7x1_j6d50851tm2m38zvw3/T/npm-36101-6t4Gg53o/1390605733997-0.27266308292746544/package' ]
37 verbose tarball /Users/weima/.npm/hello/0.1.0-SNAPSHOT/package.tgz
38 verbose folder /var/folders/rc/gqkcrttd7x1_j6d50851tm2m38zvw3/T/npm-36101-6t4Gg53o/1390605733997-0.27266308292746544/package
39 silly lockFile 4b44d803-3997-0-27266308292746544-package tar:///var/folders/rc/gqkcrttd7x1_j6d50851tm2m38zvw3/T/npm-36101-6t4Gg53o/1390605733997-0.27266308292746544/package
40 verbose lock tar:///var/folders/rc/gqkcrttd7x1_j6d50851tm2m38zvw3/T/npm-36101-6t4Gg53o/1390605733997-0.27266308292746544/package /Users/weima/.npm/4b44d803-3997-0-27266308292746544-package.lock
41 silly lockFile d3471448-hello-0-1-0-SNAPSHOT-package-tgz tar:///Users/weima/.npm/hello/0.1.0-SNAPSHOT/package.tgz
42 verbose lock tar:///Users/weima/.npm/hello/0.1.0-SNAPSHOT/package.tgz /Users/weima/.npm/d3471448-hello-0-1-0-SNAPSHOT-package-tgz.lock
43 silly lockFile 4b44d803-3997-0-27266308292746544-package tar:///var/folders/rc/gqkcrttd7x1_j6d50851tm2m38zvw3/T/npm-36101-6t4Gg53o/1390605733997-0.27266308292746544/package
44 silly lockFile 4b44d803-3997-0-27266308292746544-package tar:///var/folders/rc/gqkcrttd7x1_j6d50851tm2m38zvw3/T/npm-36101-6t4Gg53o/1390605733997-0.27266308292746544/package
45 silly lockFile d3471448-hello-0-1-0-SNAPSHOT-package-tgz tar:///Users/weima/.npm/hello/0.1.0-SNAPSHOT/package.tgz
46 silly lockFile d3471448-hello-0-1-0-SNAPSHOT-package-tgz tar:///Users/weima/.npm/hello/0.1.0-SNAPSHOT/package.tgz
47 silly lockFile e5f21fa1-npm-hello-0-1-0-SNAPSHOT-package /Users/weima/.npm/hello/0.1.0-SNAPSHOT/package
48 verbose lock /Users/weima/.npm/hello/0.1.0-SNAPSHOT/package /Users/weima/.npm/e5f21fa1-npm-hello-0-1-0-SNAPSHOT-package.lock
49 silly lockFile e5f21fa1-npm-hello-0-1-0-SNAPSHOT-package /Users/weima/.npm/hello/0.1.0-SNAPSHOT/package
50 silly lockFile e5f21fa1-npm-hello-0-1-0-SNAPSHOT-package /Users/weima/.npm/hello/0.1.0-SNAPSHOT/package
51 verbose tar unpack /Users/weima/.npm/hello/0.1.0-SNAPSHOT/package.tgz
52 silly lockFile 48454e9b-npm-hello-0-1-0-SNAPSHOT-package tar:///Users/weima/.npm/hello/0.1.0-SNAPSHOT/package
53 verbose lock tar:///Users/weima/.npm/hello/0.1.0-SNAPSHOT/package /Users/weima/.npm/48454e9b-npm-hello-0-1-0-SNAPSHOT-package.lock
54 silly lockFile d3471448-hello-0-1-0-SNAPSHOT-package-tgz tar:///Users/weima/.npm/hello/0.1.0-SNAPSHOT/package.tgz
55 verbose lock tar:///Users/weima/.npm/hello/0.1.0-SNAPSHOT/package.tgz /Users/weima/.npm/d3471448-hello-0-1-0-SNAPSHOT-package-tgz.lock
56 silly gunzTarPerm modes [ '755', '644' ]
57 silly gunzTarPerm extractEntry package.json
58 silly gunzTarPerm extractEntry README.md
59 silly gunzTarPerm extractEntry lib/index.js
60 silly gunzTarPerm extractEntry test/test1.txt
61 silly lockFile 48454e9b-npm-hello-0-1-0-SNAPSHOT-package tar:///Users/weima/.npm/hello/0.1.0-SNAPSHOT/package
62 silly lockFile 48454e9b-npm-hello-0-1-0-SNAPSHOT-package tar:///Users/weima/.npm/hello/0.1.0-SNAPSHOT/package
63 silly lockFile d3471448-hello-0-1-0-SNAPSHOT-package-tgz tar:///Users/weima/.npm/hello/0.1.0-SNAPSHOT/package.tgz
64 silly lockFile d3471448-hello-0-1-0-SNAPSHOT-package-tgz tar:///Users/weima/.npm/hello/0.1.0-SNAPSHOT/package.tgz
65 verbose chmod /Users/weima/.npm/hello/0.1.0-SNAPSHOT/package.tgz 644
66 verbose chown /Users/weima/.npm/hello/0.1.0-SNAPSHOT/package.tgz [ 110096259, 110096259 ]
67 silly lockFile 3a52ce78- .
68 silly lockFile 3a52ce78- .
69 silly publish { name: 'hello',
69 silly publish   version: '0.1.0-SNAPSHOT',
69 silly publish   description: 'hello =====',
69 silly publish   main: 'lib/index.js',
69 silly publish   scripts: { test: '' },
69 silly publish   repository:
69 silly publish    { type: 'git',
69 silly publish      url: 'git@github.scm.corp.ebay.com:weima/hello.git' },
69 silly publish   author: '',
69 silly publish   license: 'ISC',
69 silly publish   ebay: {},
69 silly publish   readme: 'hello\n=====\n\nhello world\n\n',
69 silly publish   readmeFilename: 'README.md',
69 silly publish   _id: 'hello@0.1.0-SNAPSHOT',
69 silly publish   dist: { shasum: '06b3c056bc506f5d5c974b83c78c3d31a2d1b02d' },
69 silly publish   _from: '.' }
70 verbose url raw hello
71 verbose url resolving [ 'http://registry.npmjs.org/', './hello' ]
72 verbose url resolved http://registry.npmjs.org/hello
73 info trying registry request attempt 1 at 15:22:14
74 http PUT http://registry.npmjs.org/hello
75 http 409 http://registry.npmjs.org/hello
76 verbose url raw hello
77 verbose url resolving [ 'http://registry.npmjs.org/', './hello' ]
78 verbose url resolved http://registry.npmjs.org/hello
79 info trying registry request attempt 1 at 15:22:14
80 http GET http://registry.npmjs.org/hello
81 http 200 http://registry.npmjs.org/hello
82 verbose url raw hello
83 verbose url resolving [ 'http://registry.npmjs.org/', './hello' ]
84 verbose url resolved http://registry.npmjs.org/hello
85 info trying registry request attempt 1 at 15:22:14
86 http PUT http://registry.npmjs.org/hello
87 http 403 http://registry.npmjs.org/hello
88 info trying registry request attempt 1 at 15:22:15
89 http PUT http://registry.npmjs.org/hello
90 http 403 http://registry.npmjs.org/hello
91 error Error: forbidden user: benhakunamatata not authorized to modify hello
91 error Changed: description "desc" -> "hello ====="
91 error Changed: dist-tags.latest "0.0.1" -> "0.1.0-SNAPSHOT"
91 error Added: versions.0.0.1.directories
91 error Added: versions.0.1.0-SNAPSHOT
91 error Changed: time.modified "2011-10-29T02:41:30.136Z" -> "2014-01-24T23:22:15.432Z"
91 error Added: time.0.1.0-SNAPSHOT
91 error Added: _attachments.hello-0.1.0-SNAPSHOT.tgz
91 error Added: readme
91 error Added: readmeFilename: hello
91 error     at RegClient.<anonymous> (/Users/weima/.nvm/v0.10.25/lib/node_modules/npm/node_modules/npm-registry-client/lib/request.js:275:14)
91 error     at Request.self.callback (/Users/weima/.nvm/v0.10.25/lib/node_modules/npm/node_modules/request/request.js:123:22)
91 error     at Request.EventEmitter.emit (events.js:98:17)
91 error     at Request.<anonymous> (/Users/weima/.nvm/v0.10.25/lib/node_modules/npm/node_modules/request/request.js:893:14)
91 error     at Request.EventEmitter.emit (events.js:117:20)
91 error     at IncomingMessage.<anonymous> (/Users/weima/.nvm/v0.10.25/lib/node_modules/npm/node_modules/request/request.js:844:12)
91 error     at IncomingMessage.EventEmitter.emit (events.js:117:20)
91 error     at _stream_readable.js:920:16
91 error     at process._tickCallback (node.js:415:13)
92 error If you need help, you may report this *entire* log,
92 error including the npm and node versions, at:
92 error     <http://github.com/isaacs/npm/issues>
93 error System Darwin 12.5.0
94 error command "/Users/weima/.nvm/v0.10.25/bin/node" "/Users/weima/.nvm/v0.10.25/bin/npm" "publish"
95 error cwd /Users/weima/git/node-hello
96 error node -v v0.10.25
97 error npm -v 1.3.24
98 verbose exit [ 1, true ]
